<?xml version="1.0" encoding="UTF-8"?>
<!-- Generated by org.testng.reporters.JUnitReportReporter -->
<testsuite skipped="0" hostname="DESKTOP-QLBDROL" name="testCases.TC_001_AccountRegistration" tests="1" failures="0" timestamp="2022-04-05T21:14:18 IST" time="12.250" errors="0">
  <testcase name="test_account_Registration" time="12.250" classname="testCases.TC_001_AccountRegistration"/>
  <system-out/>
</testsuite> <!-- testCases.TC_001_AccountRegistration -->
