<?xml version="1.0" encoding="UTF-8"?>
<!-- Generated by org.testng.reporters.JUnitReportReporter -->
<testsuite skipped="0" hostname="DESKTOP-QLBDROL" name="testCases.TC_002_Login" tests="1" failures="0" timestamp="2022-04-05T23:48:20 IST" time="11.252" errors="0">
  <testcase name="test_Login" time="11.252" classname="testCases.TC_002_Login"/>
  <system-out/>
</testsuite> <!-- testCases.TC_002_Login -->
